<?xml version="1.0" encoding="UTF-8"?>
<!-- Generated by org.testng.reporters.JUnitXMLReporter -->
<testsuite hostname="LAPTOP-2TN0UD4N" name="Sanity Test Suite-chrome" tests="4" failures="0" timestamp="21 Jan 2021 05:11:23 GMT" time="71.642" errors="0">
  <testcase name="verifyTitleTest" time="0.392" classname="com.qa.phpTravels.Tests.loginPageTest"/>
  <testcase name="performnavigateToRegisterPage" time="0.136" classname="com.qa.phpTravels.Tests.RegisterPageTest"/>
  <testcase name="verifyViewCartBtnTest" time="0.249" classname="com.qa.phpTravels.Tests.loginPageTest"/>
  <testcase name="fillRegistrationDetails" time="0.0" classname="com.qa.phpTravels.Tests.RegisterPageTest">
    <skipped/>
  </testcase> <!-- fillRegistrationDetails -->
</testsuite> <!-- Sanity Test Suite-chrome -->
